unity/android/unityLibrary/build/intermediates/manifest_merge_blame_file/debug/processDebugManifest/manifest-merger-blame-debug-report.txt
1<?xml version="1.0" encoding="utf-8"?>
2<manifest xmlns:android="http://schemas.android.com/apk/res/android"
3    package="com.unity3d.player"
4    android:installLocation="preferExternal"
5    android:versionCode="1"
6    android:versionName="1.0" >
7
8    <uses-sdk android:minSdkVersion="23" />
9
10    <uses-permission android:name="android.permission.INTERNET" />
10-->src/main/AndroidManifest.xml:3:3-65
10-->src/main/AndroidManifest.xml:3:20-62
11    <uses-permission android:name="android.permission.ACCESS_NETWORK_STATE" />
11-->src/main/AndroidManifest.xml:4:3-77
11-->src/main/AndroidManifest.xml:4:20-74
12    <uses-permission android:name="com.google.android.c2dm.permission.RECEIVE" />
12-->src/main/AndroidManifest.xml:5:3-80
12-->src/main/AndroidManifest.xml:5:20-77
13    <uses-permission android:name="android.permission.WAKE_LOCK" />
13-->src/main/AndroidManifest.xml:6:3-66
13-->src/main/AndroidManifest.xml:6:20-63
14
15    <uses-feature
15-->src/main/AndroidManifest.xml:8:3-88
16        android:name="android.hardware.touchscreen"
16-->src/main/AndroidManifest.xml:8:17-60
17        android:required="false" />
17-->src/main/AndroidManifest.xml:8:61-85
18    <uses-feature
18-->src/main/AndroidManifest.xml:9:3-99
19        android:name="android.hardware.touchscreen.multitouch"
19-->src/main/AndroidManifest.xml:9:17-71
20        android:required="false" />
20-->src/main/AndroidManifest.xml:9:72-96
21    <uses-feature
21-->src/main/AndroidManifest.xml:10:3-108
22        android:name="android.hardware.touchscreen.multitouch.distinct"
22-->src/main/AndroidManifest.xml:10:17-80
23        android:required="false" />
23-->src/main/AndroidManifest.xml:10:81-105
24    <uses-feature android:glEsVersion="0x00030000" />
24-->src/main/AndroidManifest.xml:11:3-52
24-->src/main/AndroidManifest.xml:11:17-49
25    <uses-feature
25-->src/main/AndroidManifest.xml:12:3-91
26        android:name="android.hardware.vulkan.version"
26-->src/main/AndroidManifest.xml:12:17-63
27        android:required="false" />
27-->src/main/AndroidManifest.xml:12:64-88
28
29    <supports-screens
29-->src/main/AndroidManifest.xml:40:3-163
30        android:anyDensity="true"
30-->src/main/AndroidManifest.xml:40:21-46
31        android:largeScreens="true"
31-->src/main/AndroidManifest.xml:40:47-74
32        android:normalScreens="true"
32-->src/main/AndroidManifest.xml:40:75-103
33        android:smallScreens="true"
33-->src/main/AndroidManifest.xml:40:104-131
34        android:xlargeScreens="true" />
34-->src/main/AndroidManifest.xml:40:132-160
35
36    <application
36-->src/main/AndroidManifest.xml:13:3-39:17
37        android:name="com.clevertap.unity.CleverTapUnityApplication"
37-->src/main/AndroidManifest.xml:13:96-156
38        android:debuggable="true"
38-->src/main/AndroidManifest.xml:13:16-41
39        android:enableOnBackInvokedCallback="true"
39-->src/main/AndroidManifest.xml:13:232-274
40        android:extractNativeLibs="true"
40-->src/main/AndroidManifest.xml:13:275-307
41        android:icon="@mipmap/app_icon"
41-->src/main/AndroidManifest.xml:13:42-73
42        android:isGame="true"
42-->src/main/AndroidManifest.xml:13:74-95
43        android:label="@string/app_name"
43-->src/main/AndroidManifest.xml:13:157-189
44        android:theme="@style/UnityThemeSelector" >
44-->src/main/AndroidManifest.xml:13:190-231
45        <service
45-->src/main/AndroidManifest.xml:14:5-18:15
46            android:name="com.clevertap.android.sdk.pushnotification.fcm.FcmMessageListenerService"
46-->src/main/AndroidManifest.xml:14:14-101
47            android:exported="true" >
47-->src/main/AndroidManifest.xml:14:102-125
48            <intent-filter>
48-->src/main/AndroidManifest.xml:15:7-17:23
49                <action android:name="com.google.firebase.MESSAGING_EVENT" />
49-->src/main/AndroidManifest.xml:16:9-70
49-->src/main/AndroidManifest.xml:16:17-67
50            </intent-filter>
51        </service>
52        <service
52-->src/main/AndroidManifest.xml:19:5-23:15
53            android:name="com.clevertap.android.sdk.pushnotification.CTNotificationIntentService"
53-->src/main/AndroidManifest.xml:19:14-99
54            android:exported="false" >
54-->src/main/AndroidManifest.xml:19:100-124
55            <intent-filter>
55-->src/main/AndroidManifest.xml:20:7-22:23
56                <action android:name="com.clevertap.PUSH_EVENT" />
56-->src/main/AndroidManifest.xml:21:9-59
56-->src/main/AndroidManifest.xml:21:17-56
57            </intent-filter>
58        </service>
59
60        <meta-data
60-->src/main/AndroidManifest.xml:24:5-69
61            android:name="unity.splash-mode"
61-->src/main/AndroidManifest.xml:24:16-48
62            android:value="0" />
62-->src/main/AndroidManifest.xml:24:49-66
63        <meta-data
63-->src/main/AndroidManifest.xml:25:5-74
64            android:name="unity.splash-enable"
64-->src/main/AndroidManifest.xml:25:16-50
65            android:value="True" />
65-->src/main/AndroidManifest.xml:25:51-71
66        <meta-data
66-->src/main/AndroidManifest.xml:26:5-78
67            android:name="unity.launch-fullscreen"
67-->src/main/AndroidManifest.xml:26:16-54
68            android:value="True" />
68-->src/main/AndroidManifest.xml:26:55-75
69        <meta-data
69-->src/main/AndroidManifest.xml:27:5-84
70            android:name="unity.render-outside-safearea"
70-->src/main/AndroidManifest.xml:27:16-60
71            android:value="True" />
71-->src/main/AndroidManifest.xml:27:61-81
72        <meta-data
72-->src/main/AndroidManifest.xml:28:5-81
73            android:name="notch.config"
73-->src/main/AndroidManifest.xml:28:16-43
74            android:value="portrait|landscape" />
74-->src/main/AndroidManifest.xml:28:44-78
75        <meta-data
75-->src/main/AndroidManifest.xml:29:5-84
76            android:name="unity.auto-report-fully-drawn"
76-->src/main/AndroidManifest.xml:29:16-60
77            android:value="true" />
77-->src/main/AndroidManifest.xml:29:61-81
78
79        <activity
79-->src/main/AndroidManifest.xml:30:5-38:16
80            android:name="com.clevertap.unity.CleverTapOverrideActivity"
80-->src/main/AndroidManifest.xml:30:15-75
81            android:configChanges="mcc|mnc|locale|touchscreen|keyboard|keyboardHidden|navigation|orientation|screenLayout|uiMode|screenSize|smallestScreenSize|fontScale|layoutDirection|density"
81-->src/main/AndroidManifest.xml:30:76-257
82            android:exported="true"
82-->src/main/AndroidManifest.xml:30:431-454
83            android:hardwareAccelerated="false"
83-->src/main/AndroidManifest.xml:30:395-430
84            android:label="@string/app_name"
84-->src/main/AndroidManifest.xml:30:258-290
85            android:launchMode="singleTask"
85-->src/main/AndroidManifest.xml:30:291-322
86            android:resizeableActivity="false"
86-->src/main/AndroidManifest.xml:30:360-394
87            android:screenOrientation="fullUser" >
87-->src/main/AndroidManifest.xml:30:323-359
88            <intent-filter>
88-->src/main/AndroidManifest.xml:31:7-35:23
89                <category android:name="android.intent.category.LAUNCHER" />
89-->src/main/AndroidManifest.xml:32:9-69
89-->src/main/AndroidManifest.xml:32:19-66
90                <category android:name="android.intent.category.LEANBACK_LAUNCHER" />
90-->src/main/AndroidManifest.xml:33:9-78
90-->src/main/AndroidManifest.xml:33:19-75
91
92                <action android:name="android.intent.action.MAIN" />
92-->src/main/AndroidManifest.xml:34:9-61
92-->src/main/AndroidManifest.xml:34:17-58
93            </intent-filter>
94
95            <meta-data
95-->src/main/AndroidManifest.xml:36:7-82
96                android:name="unityplayer.UnityActivity"
96-->src/main/AndroidManifest.xml:36:18-58
97                android:value="true" />
97-->src/main/AndroidManifest.xml:36:59-79
98            <meta-data
98-->src/main/AndroidManifest.xml:37:7-70
99                android:name="notch_support"
99-->src/main/AndroidManifest.xml:37:18-46
100                android:value="true" />
100-->src/main/AndroidManifest.xml:37:47-67
101        </activity>
102    </application>
103
104</manifest>